  Compiling game modules for hot reload
  Parsing headers for BattleTankEditor
    Running UnrealHeaderTool "C:\Users\Temo\source\repos\UnrealEngineCourse\Section_04\BattleTank\BattleTank.uproject" "C:\Users\Temo\source\repos\UnrealEngineCourse\Section_04\BattleTank\Intermediate\Build\Win64\BattleTankEditor\Development\BattleTankEditor.uhtmanifest" -LogCmds="loginit warning, logexit warning, logdatabase error" -Unattended -WarningsAsErrors -installed
  Reflection code generated for BattleTankEditor in 15.4766269 seconds
  Performing 10 actions (2 in parallel)
  Tank.cpp
  TankAIController.cpp
  TankAimingComponent.cpp
C:\Users\Temo\source\repos\UnrealEngineCourse\Section_04\BattleTank\Source\BattleTank\TankAimingComponent.cpp(61): error C2039: 'ToString': is not a member of 'FString'
  C:\Program Files\Epic Games\UE_4.17\Engine\Source\Runtime\Core\Public\Windows/WindowsCriticalSection.h(9): note: see declaration of 'FString'
C:\Users\Temo\source\repos\UnrealEngineCourse\Section_04\BattleTank\Source\BattleTank\TankAimingComponent.cpp(62): error C3536: 'TankName': cannot be used before it is initialized
C:\Users\Temo\source\repos\UnrealEngineCourse\Section_04\BattleTank\Source\BattleTank\TankAimingComponent.cpp(62): error C2100: illegal indirection
  TankPlayerController.cpp
  Tank.gen.cpp
  TankAIController.gen.cpp
  TankAimingComponent.gen.cpp
  TankPlayerController.gen.cpp
ERROR : UBT error : Failed to produce item: C:\Users\Temo\source\repos\UnrealEngineCourse\Section_04\BattleTank\Binaries\Win64\UE4Editor-BattleTank-3319.dll
  Total build time: 178.07 seconds (Local executor: 0.00 seconds)
C:\Program Files (x86)\Microsoft Visual Studio\2017\Enterprise\Common7\IDE\VC\VCTargets\Microsoft.MakeFile.Targets(44,5): error MSB3075: The command ""C:\Program Files\Epic Games\UE_4.17\Engine\Build\BatchFiles\Build.bat" BattleTankEditor Win64 Development "C:\Users\Temo\source\repos\UnrealEngineCourse\Section_04\BattleTank\BattleTank.uproject" -waitmutex" exited with code 5. Please verify that you have sufficient rights to run this command.
